<?xml version="1.0" encoding="UTF-8"?>
<coverage generated="1642719562954" clover="3.2.0">
  <project timestamp="1642719562954" name="All files">
    <metrics statements="8" coveredstatements="8" conditionals="4" coveredconditionals="4" methods="1" coveredmethods="1" elements="13" coveredelements="13" complexity="0" loc="8" ncloc="8" packages="1" files="1" classes="1"/>
    <file name="romanNumerals.js" path="C:\Users\Ollie\code\roman-numerals\src\romanNumerals.js">
      <metrics statements="8" coveredstatements="8" conditionals="4" coveredconditionals="4" methods="1" coveredmethods="1"/>
      <line num="2" count="6" type="stmt"/>
      <line num="4" count="6" type="cond" truecount="2" falsecount="0"/>
      <line num="5" count="3" type="cond" truecount="2" falsecount="0"/>
      <line num="6" count="1" type="stmt"/>
      <line num="8" count="3" type="stmt"/>
      <line num="10" count="3" type="stmt"/>
      <line num="11" count="6" type="stmt"/>
      <line num="15" count="6" type="stmt"/>
    </file>
  </project>
</coverage>
